<?xml version="1.0" encoding="UTF-8"?>
<!-- Generated by org.testng.reporters.JUnitReportReporter -->
<testsuite name="com.utils.DashboardPage" tests="10" time="0.001" ignored="0" failures="0" timestamp="22 Oct 2021 10:03:13 GMT" skipped="9" hostname="DESKTOP-EPD9G6H" errors="1">
  <testcase name="operatorLinkClick" time="0.000" classname="com.utils.DashboardPage">
    <skipped/>
  </testcase> <!-- operatorLinkClick -->
  <testcase name="coursePhp" time="0.000" classname="com.utils.DashboardPage">
    <skipped/>
  </testcase> <!-- coursePhp -->
  <testcase name="coursePython" time="0.001" classname="com.utils.DashboardPage">
    <skipped/>
  </testcase> <!-- coursePython -->
  <testcase name="courseJavaJ2EE" time="0.000" classname="com.utils.DashboardPage">
    <skipped/>
  </testcase> <!-- courseJavaJ2EE -->
  <testcase name="courseSelenium" time="0.000" classname="com.utils.DashboardPage">
    <skipped/>
  </testcase> <!-- courseSelenium -->
  <testcase name="downloadsLinkClick" time="0.000" classname="com.utils.DashboardPage">
    <skipped/>
  </testcase> <!-- downloadsLinkClick -->
  <testcase name="invokeBrowser" time="0.000" classname="com.utils.DashboardPage">
    <error type="java.lang.IllegalStateException" message="The driver executable does not exist: E:\workspace38\offline_pom\chromedriver.exe">
      <![CDATA[java.lang.IllegalStateException: The driver executable does not exist: E:\workspace38\offline_pom\chromedriver.exe
	at com.google.common.base.Preconditions.checkState(Preconditions.java:585)
	at org.openqa.selenium.remote.service.DriverService.checkExecutable(DriverService.java:146)
	at org.openqa.selenium.remote.service.DriverService.findExecutable(DriverService.java:141)
	at org.openqa.selenium.chrome.ChromeDriverService.access$000(ChromeDriverService.java:35)
	at org.openqa.selenium.chrome.ChromeDriverService$Builder.findDefaultExecutable(ChromeDriverService.java:159)
	at org.openqa.selenium.remote.service.DriverService$Builder.build(DriverService.java:355)
	at org.openqa.selenium.chrome.ChromeDriverService.createDefaultService(ChromeDriverService.java:94)
	at org.openqa.selenium.chrome.ChromeDriver.<init>(ChromeDriver.java:123)
	at com.utils.DashboardPage.invokeBrowser(DashboardPage.java:19)
	at sun.reflect.NativeMethodAccessorImpl.invoke0(Native Method)
	at sun.reflect.NativeMethodAccessorImpl.invoke(NativeMethodAccessorImpl.java:62)
	at sun.reflect.DelegatingMethodAccessorImpl.invoke(DelegatingMethodAccessorImpl.java:43)
	at java.lang.reflect.Method.invoke(Method.java:498)
	at org.testng.internal.MethodInvocationHelper.invokeMethod(MethodInvocationHelper.java:104)
	at org.testng.internal.Invoker.invokeConfigurationMethod(Invoker.java:515)
	at org.testng.internal.Invoker.invokeConfigurations(Invoker.java:217)
	at org.testng.internal.Invoker.invokeConfigurations(Invoker.java:144)
	at org.testng.SuiteRunner.privateRun(SuiteRunner.java:326)
	at org.testng.SuiteRunner.run(SuiteRunner.java:289)
	at org.testng.SuiteRunnerWorker.runSuite(SuiteRunnerWorker.java:52)
	at org.testng.SuiteRunnerWorker.run(SuiteRunnerWorker.java:86)
	at org.testng.TestNG.runSuitesSequentially(TestNG.java:1293)
	at org.testng.TestNG.runSuitesLocally(TestNG.java:1218)
	at org.testng.TestNG.runSuites(TestNG.java:1133)
	at org.testng.TestNG.run(TestNG.java:1104)
	at org.testng.remote.AbstractRemoteTestNG.run(AbstractRemoteTestNG.java:132)
	at org.testng.remote.RemoteTestNG.initAndRun(RemoteTestNG.java:236)
	at org.testng.remote.RemoteTestNG.main(RemoteTestNG.java:81)
]]>
    </error>
  </testcase> <!-- invokeBrowser -->
  <testcase name="userLinkClick" time="0.000" classname="com.utils.DashboardPage">
    <skipped/>
  </testcase> <!-- userLinkClick -->
  <testcase name="logoutLinkClick" time="0.000" classname="com.utils.DashboardPage">
    <skipped/>
  </testcase> <!-- logoutLinkClick -->
  <testcase name="usefulLinkClick" time="0.000" classname="com.utils.DashboardPage">
    <skipped/>
  </testcase> <!-- usefulLinkClick -->
</testsuite> <!-- com.utils.DashboardPage -->
